<?xml version="1.0" encoding="UTF-8"?>
<!-- Generated by org.testng.reporters.JUnitReportReporter -->
<testsuite hostname="Mustafizurs-MacBook-Air.local" failures="0" tests="1" name="com.netflix.runners.TestRunner" time="17.967" errors="0" timestamp="23 Jul 2022 15:20:09 GMT" skipped="0">
  <testcase classname="com.netflix.runners.TestRunner" name="runScenario" time="17.967"/>
</testsuite> <!-- com.netflix.runners.TestRunner -->
